<?xml version="1.0" encoding="UTF-8"?>
<!-- Generated by org.testng.reporters.JUnitReportReporter -->
<testsuite skipped="0" hostname="DESKTOP-02HBG3H" name="files.DynamicJson" tests="1" failures="0" timestamp="2020-07-30T09:44:54 EDT" time="4.888" errors="0">
  <testcase name="addBook" time="4.888" classname="files.DynamicJson"/>
  <system-out/>
</testsuite> <!-- files.DynamicJson -->
